<?xml version="1.0" encoding="UTF-8"?>
<testsuite xmlns:xsi="http://www.w3.org/2001/XMLSchema-instance" xsi:noNamespaceSchemaLocation="https://maven.apache.org/surefire/maven-surefire-plugin/xsd/surefire-test-report.xsd" name="net.inemar.perfserver.AppTest" time="0.071" tests="1" errors="0" skipped="0" failures="0">
  <properties>
    <property name="sun.desktop" value="windows"/>
    <property name="awt.toolkit" value="sun.awt.windows.WToolkit"/>
    <property name="java.specification.version" value="11"/>
    <property name="sun.cpu.isalist" value="amd64"/>
    <property name="sun.jnu.encoding" value="Cp1252"/>
    <property name="java.class.path" value="c:\aDev\perfserver\perfserver\target\test-classes;c:\aDev\perfserver\perfserver\target\classes;C:\Users\schnabol\.m2\repository\junit\junit\4.11\junit-4.11.jar;C:\Users\schnabol\.m2\repository\org\hamcrest\hamcrest-core\1.3\hamcrest-core-1.3.jar;C:\Users\schnabol\.m2\repository\org\apache\commons\commons-text\1.9\commons-text-1.9.jar;C:\Users\schnabol\.m2\repository\org\apache\commons\commons-lang3\3.11\commons-lang3-3.11.jar;"/>
    <property name="java.vm.vendor" value="Oracle Corporation"/>
    <property name="sun.arch.data.model" value="64"/>
    <property name="user.variant" value=""/>
    <property name="java.vendor.url" value="http://java.oracle.com/"/>
    <property name="user.timezone" value="Europe/Berlin"/>
    <property name="java.vm.specification.version" value="11"/>
    <property name="os.name" value="Windows 10"/>
    <property name="sun.java.launcher" value="SUN_STANDARD"/>
    <property name="user.country" value="DE"/>
    <property name="sun.boot.library.path" value="C:\Program Files\Java\jdk-11.0.6\bin"/>
    <property name="sun.java.command" value="C:\Users\schnabol\AppData\Local\Temp\surefire14549142087967266036\surefirebooter1537794209101846142.jar C:\Users\schnabol\AppData\Local\Temp\surefire14549142087967266036 2021-12-13T11-24-19_143-jvmRun1 surefire14971645671930851363tmp surefire_017091470631651023221tmp"/>
    <property name="jdk.debug" value="release"/>
    <property name="surefire.test.class.path" value="c:\aDev\perfserver\perfserver\target\test-classes;c:\aDev\perfserver\perfserver\target\classes;C:\Users\schnabol\.m2\repository\junit\junit\4.11\junit-4.11.jar;C:\Users\schnabol\.m2\repository\org\hamcrest\hamcrest-core\1.3\hamcrest-core-1.3.jar;C:\Users\schnabol\.m2\repository\org\apache\commons\commons-text\1.9\commons-text-1.9.jar;C:\Users\schnabol\.m2\repository\org\apache\commons\commons-lang3\3.11\commons-lang3-3.11.jar;"/>
    <property name="sun.cpu.endian" value="little"/>
    <property name="user.home" value="C:\Users\schnabol"/>
    <property name="user.language" value="de"/>
    <property name="java.specification.vendor" value="Oracle Corporation"/>
    <property name="java.version.date" value="2020-01-14"/>
    <property name="java.home" value="C:\Program Files\Java\jdk-11.0.6"/>
    <property name="file.separator" value="\"/>
    <property name="basedir" value="c:\aDev\perfserver\perfserver"/>
    <property name="java.vm.compressedOopsMode" value="32-bit"/>
    <property name="line.separator" value="&#10;"/>
    <property name="java.specification.name" value="Java Platform API Specification"/>
    <property name="java.vm.specification.vendor" value="Oracle Corporation"/>
    <property name="java.awt.graphicsenv" value="sun.awt.Win32GraphicsEnvironment"/>
    <property name="surefire.real.class.path" value="C:\Users\schnabol\AppData\Local\Temp\surefire14549142087967266036\surefirebooter1537794209101846142.jar"/>
    <property name="user.script" value=""/>
    <property name="sun.management.compiler" value="HotSpot 64-Bit Tiered Compilers"/>
    <property name="java.runtime.version" value="11.0.6+8-LTS"/>
    <property name="user.name" value="schnabol"/>
    <property name="path.separator" value=";"/>
    <property name="os.version" value="10.0"/>
    <property name="java.runtime.name" value="Java(TM) SE Runtime Environment"/>
    <property name="file.encoding" value="Cp1252"/>
    <property name="java.vm.name" value="Java HotSpot(TM) 64-Bit Server VM"/>
    <property name="java.vendor.version" value="18.9"/>
    <property name="localRepository" value="C:\Users\schnabol\.m2\repository"/>
    <property name="java.vendor.url.bug" value="http://bugreport.java.com/bugreport/"/>
    <property name="java.io.tmpdir" value="C:\Users\schnabol\AppData\Local\Temp\"/>
    <property name="java.version" value="11.0.6"/>
    <property name="user.dir" value="c:\aDev\perfserver\perfserver"/>
    <property name="os.arch" value="amd64"/>
    <property name="java.vm.specification.name" value="Java Virtual Machine Specification"/>
    <property name="java.awt.printerjob" value="sun.awt.windows.WPrinterJob"/>
    <property name="sun.os.patch.level" value=""/>
    <property name="java.library.path" value="C:\Program Files\Java\jdk-11.0.6\bin;C:\WINDOWS\Sun\Java\bin;C:\WINDOWS\system32;C:\WINDOWS;C:\Tosca\Tosca Testsuite\ToscaCommander;;C:\Tosca\Tosca Testsuite\Classic;C:\Tosca\Tosca Testsuite\Classic\dll;C:\Tosca\Tosca Testsuite\Classic\dll\GuptaEngine;C:\Tosca\Tosca Testsuite\ToscaCommander;C:\Tosca\Tosca Testsuite\Classic\dll\DelphiEngine;C:\Tosca\Tosca Testsuite\Classic\dll\PBEngine;C:\Tosca\Tosca Testsuite\Classic\dll\VBEngine;C:\Tosca\Tosca Testsuite\Classic\dll\DotNetHooking;;C:\Program Files (x86)\Common Files\Oracle\Java\javapath;C:\WINDOWS\system32;C:\WINDOWS\System32\Wbem;C:\WINDOWS\System32\WindowsPowerShell\v1.0\;C:\Program Files (x86)\Enterprise Vault\EVClient\;C:\Program Files\Amazon\AWSCLI\bin\;C:\Program Files (x86)\Java\jre1.7.0_80\bin\;C:\WINDOWS\SysWOW64\;C:\WINDOWS;C:\WINDOWS\SysWOW64\Wbem;C:\WINDOWS\SysWOW64\WindowsPowerShell\v1.0;C:\WINDOWS\System32\OpenSSH\;C:\Program Files\Microsoft VS Code\bin;C:\Program Files\Microsoft\Web Platform Installer\;C:\Program Files (x86)\Microsoft ASP.NET\ASP.NET Web Pages\v1.0\;C:\Program Files\Microsoft SQL Server\110\Tools\Binn\;C:\Users\schnabol\.cargo\bin;C:\Program Files (x86)\Common Files\Oracle\Java\javapath;C:\WINDOWS\system32;C:\WINDOWS\System32\Wbem;C:\WINDOWS\System32\WindowsPowerShell\v1.0\;C:\Program Files (x86)\Enterprise Vault\EVClient\;C:\Program Files\Amazon\AWSCLI\bin\;C:\Program Files (x86)\Java\jre1.7.0_80\bin\;C:\WINDOWS\SysWOW64\;C:\WINDOWS;C:\WINDOWS\SysWOW64\Wbem;C:\WINDOWS\SysWOW64\WindowsPowerShell\v1.0;C:\WINDOWS\System32\OpenSSH\;C:\WINDOWS\System32\Win;C:\Users\schnabol\AppData\Local\Microsoft\WindowsApps;C:\msys64\mingw64\bin;C:\aFlutter\flutter\bin;C:\Program Files\Git\bin;C:\Users\schnabol\AppData\Local\Pub\Cache\bin;;."/>
    <property name="java.vendor" value="Oracle Corporation"/>
    <property name="java.vm.info" value="mixed mode"/>
    <property name="java.vm.version" value="11.0.6+8-LTS"/>
    <property name="sun.io.unicode.encoding" value="UnicodeLittle"/>
    <property name="java.class.version" value="55.0"/>
  </properties>
  <testcase name="shouldAnswerWithTrue" classname="net.inemar.perfserver.AppTest" time="0.003"/>
</testsuite>